root@sunfoods:/var/www/sun/admin-web# cd /var/www/sun/admin-web && npm run build 2>&1 | head -100

> admin-web@1.0.0 build
> tsc && vite build --outDir dist

src/src/App.tsx(4,25): error TS2307: Cannot find module '@/components/ui/toaster' or its corresponding type declarations.
src/src/App.tsx(5,33): error TS2307: Cannot find module '@/components/ui/tooltip' or its corresponding type declarations.
src/src/App.tsx(6,49): error TS2307: Cannot find module '@/components/ui/sidebar' or its corresponding type declarations.
src/src/App.tsx(7,28): error TS2307: Cannot find module '@/components/AppSidebar' or its corresponding type declarations.
src/src/App.tsx(8,29): error TS2307: Cannot find module '@/components/ThemeToggle' or its corresponding type declarations.
src/src/App.tsx(10,31): error TS2307: Cannot find module '@/lib/analytics' or its corresponding type declarations.
src/src/App.tsx(13,23): error TS2307: Cannot find module '@/pages/Dashboard' or its corresponding type declarations.
src/src/App.tsx(14,22): error TS2307: Cannot find module '@/pages/Products' or its corresponding type declarations.
src/src/App.tsx(15,20): error TS2307: Cannot find module '@/pages/Orders' or its corresponding type declarations.
src/src/App.tsx(16,24): error TS2307: Cannot find module '@/pages/BookOrders' or its corresponding type declarations.
src/src/App.tsx(17,33): error TS2307: Cannot find module '@/pages/BookOrdersDashboard' or its corresponding type declarations.
src/src/App.tsx(18,28): error TS2307: Cannot find module '@/pages/BookCategories' or its corresponding type declarations.
src/src/App.tsx(19,30): error TS2307: Cannot find module '@/pages/DriverManagement' or its corresponding type declarations.
src/src/App.tsx(20,31): error TS2307: Cannot find module '@/pages/DeliveryDashboard' or its corresponding type declarations.
src/src/App.tsx(21,31): error TS2307: Cannot find module '@/pages/VehicleManagement' or its corresponding type declarations.
src/src/App.tsx(22,28): error TS2307: Cannot find module '@/pages/DeliveryOrders' or its corresponding type declarations.
src/src/App.tsx(23,23): error TS2307: Cannot find module '@/pages/CarGroups' or its corresponding type declarations.
src/src/App.tsx(24,26): error TS2307: Cannot find module '@/pages/OrderDetails' or its corresponding type declarations.
src/src/App.tsx(25,23): error TS2307: Cannot find module '@/pages/Customers' or its corresponding type declarations.
src/src/App.tsx(26,29): error TS2307: Cannot find module '@/pages/CustomerDetails' or its corresponding type declarations.
src/src/App.tsx(27,49): error TS2307: Cannot find module '@/pages/AnalyticsDashboard' or its corresponding type declarations.
src/src/App.tsx(28,38): error TS2307: Cannot find module '@/pages/PostPerformanceAnalytics' or its corresponding type declarations.
src/src/App.tsx(29,37): error TS2307: Cannot find module '@/pages/BestTimeRecommendations' or its corresponding type declarations.
src/src/App.tsx(30,21): error TS2307: Cannot find module '@/pages/Chatbot' or its corresponding type declarations.
src/src/App.tsx(31,25): error TS2307: Cannot find module '@/pages/LandingPage' or its corresponding type declarations.
src/src/App.tsx(32,39): error TS2307: Cannot find module '@/pages/ProductLandingPageManager' or its corresponding type declarations.
src/src/App.tsx(33,31): error TS2307: Cannot find module '@/pages/LandingPageEditor' or its corresponding type declarations.
src/src/App.tsx(34,31): error TS2307: Cannot find module '@/pages/PublicLandingPage' or its corresponding type declarations.
src/src/App.tsx(35,30): error TS2307: Cannot find module '@/pages/PublicStorefront' or its corresponding type declarations.
src/src/App.tsx(36,31): error TS2307: Cannot find module '@/pages/StorefrontManager' or its corresponding type declarations.
src/src/App.tsx(37,29): error TS2307: Cannot find module '@/pages/CategoryManager' or its corresponding type declarations.
src/src/App.tsx(38,32): error TS2307: Cannot find module '@/pages/FrontendManagement' or its corresponding type declarations.
src/src/App.tsx(39,37): error TS2307: Cannot find module '@/pages/CustomerLocalAssignment' or its corresponding type declarations.
src/src/App.tsx(40,27): error TS2307: Cannot find module '@/pages/TagManagement' or its corresponding type declarations.
src/src/App.tsx(41,29): error TS2307: Cannot find module '@/pages/IndustryManager' or its corresponding type declarations.
src/src/App.tsx(42,28): error TS2307: Cannot find module '@/pages/TaskAssignment' or its corresponding type declarations.
src/src/App.tsx(43,30): error TS2307: Cannot find module '@/pages/FaqTemplatesPage' or its corresponding type declarations.
src/src/App.tsx(44,26): error TS2307: Cannot find module '@/pages/ShopSettings' or its corresponding type declarations.
src/src/App.tsx(45,32): error TS2307: Cannot find module '@/pages/ContentLibrary' or its corresponding type declarations.
src/src/App.tsx(46,33): error TS2307: Cannot find module '@/components/ScheduledPostsQueue' or its corresponding type declarations.
src/src/App.tsx(47,31): error TS2307: Cannot find module '@/pages/PostScheduler' or its corresponding type declarations.
src/src/App.tsx(48,33): error TS2307: Cannot find module '@/pages/FacebookAppsManager' or its corresponding type declarations.
src/src/App.tsx(49,27): error TS2307: Cannot find module '@/pages/GroupsManager' or its corresponding type declarations.
src/src/App.tsx(50,28): error TS2307: Cannot find module '@/pages/TikTokBusiness' or its corresponding type declarations.
src/src/App.tsx(51,24): error TS2307: Cannot find module '@/pages/TikTokShop' or its corresponding type declarations.
src/src/App.tsx(52,20): error TS2307: Cannot find module '@/pages/Shopee' or its corresponding type declarations.
src/src/App.tsx(53,24): error TS2307: Cannot find module '@/pages/Satellites' or its corresponding type declarations.
src/src/App.tsx(54,27): error TS2307: Cannot find module '@/pages/ApiManagement' or its corresponding type declarations.
src/src/App.tsx(55,30): error TS2307: Cannot find module '@/components/WorkerManagement' or its corresponding type declarations.
src/src/App.tsx(56,31): error TS2307: Cannot find module '@/pages/IPPoolManager' or its corresponding type declarations.
src/src/App.tsx(57,22): error TS2307: Cannot find module '@/pages/not-found' or its corresponding type declarations.
src/src/App.tsx(58,25): error TS2307: Cannot find module '@/pages/ProductPage' or its corresponding type declarations.
src/src/App.tsx(59,30): error TS2307: Cannot find module '@/pages/ReviewManagement' or its corresponding type declarations.
src/src/App.tsx(60,28): error TS2307: Cannot find module '@/pages/ShopeeHomePage' or its corresponding type declarations.
src/src/App.tsx(61,33): error TS2307: Cannot find module '@/components/MobileBottomNav' or its corresponding type declarations.
src/src/App.tsx(62,32): error TS2307: Cannot find module '@/pages/BotStatusDashboard' or its corresponding type declarations.
src/src/App.tsx(63,25): error TS2307: Cannot find module '@/pages/NgrokConfig' or its corresponding type declarations.
src/src/App.tsx(64,17): error TS2307: Cannot find module '@/pages/POS' or its corresponding type declarations.
src/src/App.tsx(65,30): error TS2307: Cannot find module '@/pages/MobileStorefront' or its corresponding type declarations.
src/src/App.tsx(66,29): error TS2307: Cannot find module '@/pages/BooksManagement' or its corresponding type declarations.
src/src/App.tsx(67,37): error TS2307: Cannot find module '@/components/BooksManagement' or its corresponding type declarations.
src/src/App.tsx(68,27): error TS2307: Cannot find module '@/pages/BookCustomers' or its corresponding type declarations.
src/src/App.tsx(69,25): error TS2307: Cannot find module '@/pages/BookSellers' or its corresponding type declarations.
src/src/App.tsx(70,31): error TS2307: Cannot find module '@/pages/SellerConfigPanel' or its corresponding type declarations.
src/src/App.tsx(71,40): error TS2307: Cannot find module '@/pages/SellerPerformanceAnalytics' or its corresponding type declarations.
src/src/App.tsx(72,26): error TS2307: Cannot find module '@/pages/BookCheckout' or its corresponding type declarations.
src/src/App.tsx(73,28): error TS2307: Cannot find module '@/pages/PaymentSuccess' or its corresponding type declarations.
src/src/App.tsx(74,27): error TS2307: Cannot find module '@/pages/PaymentFailed' or its corresponding type declarations.
src/src/App.tsx(75,36): error TS2307: Cannot find module '@/pages/PaymentGatewaySettings' or its corresponding type declarations.
src/src/App.tsx(76,37): error TS2307: Cannot find module '@/pages/BookPaymentTransactions' or its corresponding type declarations.
src/src/App.tsx(77,35): error TS2307: Cannot find module '@/pages/FullLunarCalendarPage' or its corresponding type declarations.
src/src/App.tsx(78,33): error TS2307: Cannot find module '@/pages/AffiliateManagement' or its corresponding type declarations.
src/src/App.tsx(79,40): error TS2307: Cannot find module '@/pages/AffiliateProductAssignment' or its corresponding type declarations.
src/src/App.tsx(80,40): error TS2307: Cannot find module '@/pages/AffiliateProductManagement' or its corresponding type declarations.
src/src/App.tsx(81,45): error TS2307: Cannot find module '@/pages/AffiliateProductRequestApproval' or its corresponding type declarations.
src/src/App.tsx(82,27): error TS2307: Cannot find module '@/pages/VIPManagement' or its corresponding type declarations.
src/src/App.tsx(83,25): error TS2307: Cannot find module '@/pages/VIPRegister' or its corresponding type declarations.
src/src/App.tsx(84,38): error TS2307: Cannot find module '@/pages/DriverApprovalManagement' or its corresponding type declarations.
src/src/App.tsx(85,41): error TS2307: Cannot find module '@/pages/AffiliateApprovalManagement' or its corresponding type declarations.
src/src/App.tsx(86,27): error TS2307: Cannot find module '@/pages/MemberProfile' or its corresponding type declarations.
src/src/App.tsx(87,24): error TS2307: Cannot find module '@/pages/MyVouchers' or its corresponding type declarations.
src/src/App.tsx(88,23): error TS2307: Cannot find module '@/pages/Campaigns' or its corresponding type declarations.
src/src/App.tsx(89,28): error TS2307: Cannot find module '@/pages/LinkedAccounts' or its corresponding type declarations.
src/src/App.tsx(90,22): error TS2307: Cannot find module '@/pages/ChatLogs' or its corresponding type declarations.
src/src/App.tsx(91,32): error TS2307: Cannot find module '@/pages/DiscountManagement' or its corresponding type declarations.
src/src/App.tsx(92,28): error TS2307: Cannot find module '@/pages/GiftManagement' or its corresponding type declarations.
src/src/App.tsx(93,31): error TS2307: Cannot find module '@/pages/GuestCheckoutPage' or its corresponding type declarations.
src/src/App.tsx(94,30): error TS2307: Cannot find module '@/pages/BookCatalogAdmin' or its corresponding type declarations.
src/src/App.tsx(95,36): error TS2307: Cannot find module '@/pages/GeneralCategoriesAdmin' or its corresponding type declarations.
src/src/App.tsx(96,29): error TS2307: Cannot find module '@/pages/CategoriesAdmin' or its corresponding type declarations.
src/src/App.tsx(97,30): error TS2307: Cannot find module '@/pages/CookieManagement' or its corresponding type declarations.
src/src/App.tsx(98,29): error TS2307: Cannot find module '@/pages/InvoiceDesigner' or its corresponding type declarations.
src/src/App.tsx(101,31): error TS2307: Cannot find module '@/pages/CustomerDashboard' or its corresponding type declarations.
src/src/App.tsx(102,40): error TS2307: Cannot find module '@/pages/CustomerAffiliateDashboard' or its corresponding type declarations.
src/src/App.tsx(103,34): error TS2307: Cannot find module '@/pages/CustomerVIPDashboard' or its corresponding type declarations.
src/src/App.tsx(104,37): error TS2307: Cannot find module '@/pages/CustomerDriverDashboard' or its corresponding type declarations.
root@sunfoods:/var/www/sun/admin-web#